2021/05/16 20:43:48 main.go:14: test
2021/05/16 22:02:57 bitflyer.go:66: action=doRequest endpoint=https://api.bitflyer.com/v1/me/getbalance
2021/05/16 22:02:57 bitflyer.go:33: 1621170177
2021/05/16 22:02:59 bitflyer.go:106: url=me/getbalance resp=[{"currency_code":"JPY","amount":23.0,"available":23.000000000000},{"currency_code":"BTC","amount":0.0000954,"available":0.000095400000},{"currency_code":"BCH","amount":0.0,"available":0.0},{"currency_code":"ETH","amount":0.0,"available":0.0},{"currency_code":"ETC","amount":0.0,"available":0.0},{"currency_code":"LTC","amount":0.0,"available":0.0},{"currency_code":"MONA","amount":0.0,"available":0.0},{"currency_code":"LSK","amount":0.0,"available":0.0},{"currency_code":"XRP","amount":0.0,"available":0.0},{"currency_code":"BAT","amount":0.0,"available":0.0},{"currency_code":"XLM","amount":0.0,"available":0.0},{"currency_code":"XEM","amount":0.0,"available":0.0},{"currency_code":"XTZ","amount":0.0,"available":0.0}]
2021/05/16 22:27:58 bitflyer.go:71: action=doRequest endpoint=https://api.bitflyer.com/v1/me/getbalance
2021/05/16 22:27:59 bitflyer.go:111: url=me/getbalance resp=[{"currency_code":"JPY","amount":23.0,"available":23.000000000000},{"currency_code":"BTC","amount":0.0000954,"available":0.000095400000},{"currency_code":"BCH","amount":0.0,"available":0.0},{"currency_code":"ETH","amount":0.0,"available":0.0},{"currency_code":"ETC","amount":0.0,"available":0.0},{"currency_code":"LTC","amount":0.0,"available":0.0},{"currency_code":"MONA","amount":0.0,"available":0.0},{"currency_code":"LSK","amount":0.0,"available":0.0},{"currency_code":"XRP","amount":0.0,"available":0.0},{"currency_code":"BAT","amount":0.0,"available":0.0},{"currency_code":"XLM","amount":0.0,"available":0.0},{"currency_code":"XEM","amount":0.0,"available":0.0},{"currency_code":"XTZ","amount":0.0,"available":0.0}]
2021/05/16 22:39:09 bitflyer.go:69: action=doRequest endpoint=https://api.bitflyer.com/v1/me/getbalance
2021/05/16 22:39:18 bitflyer.go:69: action=doRequest endpoint=https://api.bitflyer.com/v1/me/getbalance
2021/05/16 22:39:18 bitflyer.go:114: url=me/getbalance resp=[{"currency_code":"JPY","amount":23.0,"available":23.000000000000},{"currency_code":"BTC","amount":0.0000954,"available":0.000095400000},{"currency_code":"BCH","amount":0.0,"available":0.0},{"currency_code":"ETH","amount":0.0,"available":0.0},{"currency_code":"ETC","amount":0.0,"available":0.0},{"currency_code":"LTC","amount":0.0,"available":0.0},{"currency_code":"MONA","amount":0.0,"available":0.0},{"currency_code":"LSK","amount":0.0,"available":0.0},{"currency_code":"XRP","amount":0.0,"available":0.0},{"currency_code":"BAT","amount":0.0,"available":0.0},{"currency_code":"XLM","amount":0.0,"available":0.0},{"currency_code":"XEM","amount":0.0,"available":0.0},{"currency_code":"XTZ","amount":0.0,"available":0.0}]
2021/05/16 23:28:18 bitflyer.go:69: action=doRequest endpoint=https://api.bitflyer.com/v1/ticker
2021/05/16 23:28:20 bitflyer.go:169: url=ticker resp={"product_code":"BTC_JPY","state":"RUNNING","timestamp":"2021-05-16T14:28:19.653","tick_id":47175481,"best_bid":5322675.0,"best_ask":5328510.0,"best_bid_size":0.61734793,"best_ask_size":0.1896,"total_bid_depth":502.82689135,"total_ask_depth":1224.03507896,"market_bid_size":0.0,"market_ask_size":0.0,"ltp":5322674.0,"volume":8337.50942642,"volume_by_product":4849.78113221}
2021/05/16 23:28:47 bitflyer.go:69: action=doRequest endpoint=https://api.bitflyer.com/v1/ticker
2021/05/16 23:28:49 bitflyer.go:169: url=ticker resp={"product_code":"BTC_JPY","state":"RUNNING","timestamp":"2021-05-16T14:28:48.967","tick_id":47176622,"best_bid":5320334.0,"best_ask":5321591.0,"best_bid_size":0.1,"best_ask_size":0.0023,"total_bid_depth":504.26531223,"total_ask_depth":1228.70226478,"market_bid_size":0.0,"market_ask_size":0.0,"ltp":5320816.0,"volume":8343.34969539,"volume_by_product":4857.86456558}
2021/05/16 23:28:49 bitflyer.go:155: action=DateTime, err=parsing time "2021-05-16T14:28:48.967" as "2006-01-02T15:04:05Z07:00": cannot parse "" as "Z07:00"
2021/05/16 23:29:20 bitflyer.go:69: action=doRequest endpoint=https://api.bitflyer.com/v1/ticker
2021/05/16 23:29:21 bitflyer.go:169: url=ticker resp={"product_code":"BTC_JPY","state":"RUNNING","timestamp":"2021-05-16T14:29:21.027","tick_id":47177571,"best_bid":5311001.0,"best_ask":5315112.0,"best_bid_size":0.02,"best_ask_size":0.2,"total_bid_depth":497.61258679,"total_ask_depth":1224.5226783,"market_bid_size":0.0,"market_ask_size":0.0,"ltp":5311344.0,"volume":8350.76376723,"volume_by_product":4864.2595134}
2021/05/16 23:29:21 bitflyer.go:155: action=DateTime, err=parsing time "2021-05-16T14:29:21.027" as "2006-01-02T15:04:05Z07:00": cannot parse "" as "Z07:00"
2021/05/16 23:29:21 bitflyer.go:155: action=DateTime, err=parsing time "2021-05-16T14:29:21.027" as "2006-01-02T15:04:05Z07:00": cannot parse "" as "Z07:00"
2021/05/16 23:29:58 bitflyer.go:69: action=doRequest endpoint=https://api.bitflyer.com/v1/ticker
2021/05/16 23:29:59 bitflyer.go:169: url=ticker resp={"product_code":"BTC_JPY","state":"RUNNING","timestamp":"2021-05-16T14:29:59.193","tick_id":47178938,"best_bid":5295155.0,"best_ask":5298386.0,"best_bid_size":0.001,"best_ask_size":0.342417,"total_bid_depth":497.85682582,"total_ask_depth":1230.21082067,"market_bid_size":0.0,"market_ask_size":0.0,"ltp":5295867.0,"volume":8368.21218194,"volume_by_product":4873.99853373}
2021/05/16 23:29:59 bitflyer.go:155: action=DateTime, err=parsing time "2021-05-16T14:29:59.193" as "2006-01-02T15:04:05Z07:00": cannot parse "" as "Z07:00"
2021/05/16 23:29:59 bitflyer.go:155: action=DateTime, err=parsing time "2021-05-16T14:29:59.193" as "2006-01-02T15:04:05Z07:00": cannot parse "" as "Z07:00"
2021/05/16 23:30:29 bitflyer.go:69: action=doRequest endpoint=https://api.bitflyer.com/v1/ticker
2021/05/16 23:30:30 bitflyer.go:169: url=ticker resp={"product_code":"BTC_JPY","state":"RUNNING","timestamp":"2021-05-16T14:30:29.997","tick_id":47180100,"best_bid":5307011.0,"best_ask":5309481.0,"best_bid_size":0.04,"best_ask_size":0.206,"total_bid_depth":497.00834864,"total_ask_depth":1229.30092056,"market_bid_size":0.0,"market_ask_size":0.0,"ltp":5309646.0,"volume":8388.49042578,"volume_by_product":4879.99383598}
2021/05/16 23:30:30 bitflyer.go:155: action=DateTime, err=parsing time "2021-05-16T14:30:29.997" as "2006-01-02T15:04:05Z07:00": cannot parse "" as "Z07:00"
2021/05/16 23:30:30 bitflyer.go:155: action=DateTime, err=parsing time "2021-05-16T14:30:29.997" as "2006-01-02T15:04:05Z07:00": cannot parse "" as "Z07:00"
2021/05/16 23:30:48 bitflyer.go:69: action=doRequest endpoint=https://api.bitflyer.com/v1/ticker
2021/05/16 23:30:48 bitflyer.go:169: url=ticker resp={"product_code":"BTC_JPY","state":"RUNNING","timestamp":"2021-05-16T14:30:48.723","tick_id":47180758,"best_bid":5298693.0,"best_ask":5303270.0,"best_bid_size":0.039,"best_ask_size":0.0092,"total_bid_depth":499.47260157,"total_ask_depth":1229.96936703,"market_bid_size":0.0,"market_ask_size":0.0,"ltp":5298693.0,"volume":8388.26006825,"volume_by_product":4880.42708598}
2021/05/16 23:30:48 bitflyer.go:155: action=DateTime, err=parsing time "2021-05-16T14:30:48.723" as "2006-01-02T15:04:05Z07:00": cannot parse "" as "Z07:00"
2021/05/16 23:30:48 bitflyer.go:155: action=DateTime, err=parsing time "2021-05-16T14:30:48.723" as "2006-01-02T15:04:05Z07:00": cannot parse "" as "Z07:00"
2021/05/16 23:34:15 bitflyer.go:70: action=doRequest endpoint=https://api.bitflyer.com/v1/ticker
2021/05/16 23:34:15 bitflyer.go:171: url=ticker resp={"product_code":"BTC_JPY","state":"RUNNING","timestamp":"2021-05-16T14:34:15.213","tick_id":47185740,"best_bid":5310115.0,"best_ask":5311574.0,"best_bid_size":0.15789696,"best_ask_size":0.0345,"total_bid_depth":516.50356052,"total_ask_depth":1250.64264831,"market_bid_size":0.0,"market_ask_size":0.0,"ltp":5310093.0,"volume":8403.44294347,"volume_by_product":4879.64008762}
2021/05/16 23:34:15 bitflyer.go:157: action=DateTime, err=parsing time "2021-05-16T14:34:15.213" as "2006-01-02T15:04:05Z07:00": cannot parse "" as "Z07:00"
2021/05/16 23:34:15 bitflyer.go:157: action=DateTime, err=parsing time "2021-05-16T14:34:15.213" as "2006-01-02T15:04:05Z07:00": cannot parse "" as "Z07:00"
